nohup: ignoring input
[a100:1791733] mca_base_component_repository_open: unable to open mca_btl_openib: librdmacm.so.1: cannot open shared object file: No such file or directory (ignored)
loading drawing model...
loading semseg model...
/home/wgy/miniconda3/envs/mumo/lib/python3.9/site-packages/torch/functional.py:504: UserWarning: torch.meshgrid: in an upcoming release, it will be required to pass the indexing argument. (Triggered internally at ../aten/src/ATen/native/TensorShape.cpp:3526.)
  return _VF.meshgrid(tensors, **kwargs)  # type: ignore[attr-defined]
self.task_switch  {'coco': True, 'o365': False}
loading panoseg model...
self.task_switch  {'coco': True, 'o365': False}
loading classifier...
loading pos tagger...
2023-12-10 06:57:44 INFO: Checking for updates to resources.json in case models have been updated.  Note: this behavior can be turned off with download_method=None or download_method=DownloadMethod.REUSE_RESOURCES
Downloading https://raw.githubusercontent.com/stanfordnlp/stanza-resources/main/resources_1.7.0.json:   0%|          | 0.00/46.1k [00:00<?, ?B/s]Downloading https://raw.githubusercontent.com/stanfordnlp/stanza-resources/main/resources_1.7.0.json: 369kB [00:00, 2.66MB/s]                    Downloading https://raw.githubusercontent.com/stanfordnlp/stanza-resources/main/resources_1.7.0.json: 369kB [00:00, 2.66MB/s]
2023-12-10 06:57:44 WARNING: Language en package default expects mwt, which has been added
2023-12-10 06:57:45 INFO: Loading these models for language: en (English):
===============================
| Processor | Package         |
-------------------------------
| tokenize  | combined        |
| mwt       | combined        |
| pos       | combined_charlm |
===============================

2023-12-10 06:57:45 INFO: Using device: cuda
2023-12-10 06:57:45 INFO: Loading: tokenize
2023-12-10 06:57:45 INFO: Loading: mwt
2023-12-10 06:57:45 INFO: Loading: pos
2023-12-10 06:57:45 INFO: Done loading processors!
loading models completed
Finish...
